<?xml version="1.0" encoding="UTF-8"?>
<!-- Generated by org.testng.reporters.JUnitReportReporter -->
<testsuite hostname="LAPTOP-AC9SBVPN" failures="0" tests="1" name="com.testcases.OrderItemTest" time="134.948" errors="0" timestamp="2021-12-12T14:13:46 IST" skipped="0">
  <testcase classname="com.testcases.OrderItemTest" name="orderItemsTest" time="134.948"/>
  <system-out/>
</testsuite> <!-- com.testcases.OrderItemTest -->
