<?xml version="1.0" encoding="UTF-8"?>
<!-- Generated by org.testng.reporters.JUnitReportReporter -->
<testsuite hostname="LAPTOP-AC9SBVPN" failures="0" tests="1" name="com.testcases.SearchTest" time="7.670" errors="0" timestamp="2021-12-12T14:49:20 IST" skipped="0">
  <testcase classname="com.testcases.SearchTest" name="changeLocation" time="7.670"/>
  <system-out/>
</testsuite> <!-- com.testcases.SearchTest -->
