<?xml version="1.0" encoding="UTF-8"?>
<!-- Generated by org.testng.reporters.JUnitReportReporter -->
<testsuite hostname="LAPTOP-AC9SBVPN" failures="0" tests="1" name="com.testcases.SortTestDOW" time="24.910" errors="0" timestamp="2021-12-12T13:52:04 IST" skipped="0">
  <testcase classname="com.testcases.SortTestDOW" name="dowSortItems" time="24.910"/>
  <system-out/>
</testsuite> <!-- com.testcases.SortTestDOW -->
