<?xml version="1.0" encoding="UTF-8"?>
<!-- Generated by org.testng.reporters.JUnitReportReporter -->
<testsuite hostname="LAPTOP-AC9SBVPN" failures="0" tests="4" name="com.testcases.LoginPageTest" time="203.462" errors="0" timestamp="2021-12-12T13:52:04 IST" skipped="0">
  <testcase classname="com.testcases.LoginPageTest" name="validateLoginTest" time="65.433"/>
  <system-out/>
  <testcase classname="com.testcases.LoginPageTest" name="validateLoginTest" time="66.294"/>
  <system-out/>
  <testcase classname="com.testcases.LoginPageTest" name="validateLoginTest" time="66.305"/>
  <system-out/>
  <testcase classname="com.testcases.LoginPageTest" name="titleTest" time="5.430"/>
  <system-out/>
</testsuite> <!-- com.testcases.LoginPageTest -->
